
> docs:dev
> vitepress dev docs --host


  vitepress v1.5.0

  ➜  Local:   http://localhost:5173/
  ➜  Network: http://172.16.74.36:5173/
  ➜  Network: http://172.20.0.1:5173/

> docs:dev
> vitepress dev docs --host

Port 5173 is in use, trying another one...

  vitepress v1.5.0

  ➜  Local:   http://localhost:5174/
  ➜  Network: http://172.16.74.36:5174/
  ➜  Network: http://172.20.0.1:5174/

> docs:dev
> vitepress dev docs --host

Port 5173 is in use, trying another one...
Port 5174 is in use, trying another one...

  vitepress v1.5.0

  ➜  Local:   http://localhost:5175/
  ➜  Network: http://172.16.74.36:5175/
  ➜  Network: http://172.20.0.1:5175/

> docs:dev
> vitepress dev docs --host

Port 5173 is in use, trying another one...
Port 5174 is in use, trying another one...
Port 5175 is in use, trying another one...

  vitepress v1.5.0

  ➜  Local:   http://localhost:5176/
  ➜  Network: http://172.16.74.36:5176/
  ➜  Network: http://172.20.0.1:5176/

> docs:dev
> vitepress dev docs --host


  vitepress v1.5.0

  ➜  Local:   http://localhost:5173/
  ➜  Network: http://172.16.74.36:5173/
  ➜  Network: http://172.20.0.1:5173/
